  Server.cpp
G:\VISUAL STUDIO\vs\VC\Tools\MSVC\14.37.32822\include\filesystem(13): warning STL4038: The contents of <filesystem> are available only with C++17 or later.
G:\Львовское Игра\Proj2\SFML - Server\SFML - Server\Server.cpp(146,49): warning C4101: e: неиспользованная локальная переменная
G:\Львовское Игра\Proj2\SFML - Server\SFML - Server\Server.cpp(173,49): warning C4101: e: неиспользованная локальная переменная
G:\Львовское Игра\Proj2\SFML - Server\SFML - Server\Server.cpp(420,80): warning C4244: аргумент: преобразование "int" в "T", возможна потеря данных
          with
          [
              T=float
          ]
G:\Львовское Игра\Proj2\SFML - Server\SFML - Server\Server.cpp(420,66): warning C4244: аргумент: преобразование "int" в "T", возможна потеря данных
          with
          [
              T=float
          ]
G:\Львовское Игра\Proj2\SFML - Server\SFML - Server\Server.cpp(421,60): warning C4244: аргумент: преобразование "int" в "float", возможна потеря данных
G:\Львовское Игра\Proj2\SFML - Server\SFML - Server\Server.cpp(421,46): warning C4244: аргумент: преобразование "int" в "float", возможна потеря данных
G:\Львовское Игра\Proj2\SFML - Server\SFML - Server\Server.cpp(429,81): warning C4244: аргумент: преобразование "int" в "T", возможна потеря данных
          with
          [
              T=float
          ]
G:\Львовское Игра\Proj2\SFML - Server\SFML - Server\Server.cpp(429,67): warning C4244: аргумент: преобразование "int" в "T", возможна потеря данных
          with
          [
              T=float
          ]
G:\Львовское Игра\Proj2\SFML - Server\SFML - Server\Server.cpp(430,61): warning C4244: аргумент: преобразование "int" в "float", возможна потеря данных
G:\Львовское Игра\Proj2\SFML - Server\SFML - Server\Server.cpp(430,47): warning C4244: аргумент: преобразование "int" в "float", возможна потеря данных
G:\Львовское Игра\Proj2\SFML - Server\SFML - Server\Server.cpp(442,36): warning C4244: инициализация: преобразование "int" в "float", возможна потеря данных
G:\Львовское Игра\Proj2\SFML - Server\SFML - Server\Server.cpp(443,34): warning C4244: инициализация: преобразование "int" в "float", возможна потеря данных
G:\Львовское Игра\Proj2\SFML - Server\SFML - Server\Server.cpp(447,29): warning C4244: инициализация: преобразование "double" в "float", возможна потеря данных
G:\Львовское Игра\Proj2\SFML - Server\SFML - Server\Server.cpp(454,58): warning C4244: аргумент: преобразование "int" в "float", возможна потеря данных
G:\Львовское Игра\Proj2\SFML - Server\SFML - Server\Server.cpp(454,44): warning C4244: аргумент: преобразование "int" в "float", возможна потеря данных
G:\Львовское Игра\Proj2\SFML - Server\SFML - Server\Server.cpp(471,36): warning C4244: инициализация: преобразование "int" в "float", возможна потеря данных
G:\Львовское Игра\Proj2\SFML - Server\SFML - Server\Server.cpp(472,34): warning C4244: инициализация: преобразование "int" в "float", возможна потеря данных
G:\Львовское Игра\Proj2\SFML - Server\SFML - Server\Server.cpp(476,29): warning C4244: инициализация: преобразование "double" в "float", возможна потеря данных
G:\Львовское Игра\Proj2\SFML - Server\SFML - Server\Server.cpp(483,58): warning C4244: аргумент: преобразование "int" в "float", возможна потеря данных
G:\Львовское Игра\Proj2\SFML - Server\SFML - Server\Server.cpp(483,44): warning C4244: аргумент: преобразование "int" в "float", возможна потеря данных
G:\Львовское Игра\Proj2\SFML - Server\SFML - Server\Server.cpp(499,26): warning C4244: инициализация: преобразование "int" в "float", возможна потеря данных
G:\Львовское Игра\Proj2\SFML - Server\SFML - Server\Server.cpp(504,29): warning C4244: инициализация: преобразование "double" в "float", возможна потеря данных
G:\Львовское Игра\Proj2\SFML - Server\SFML - Server\Server.cpp(513,58): warning C4244: аргумент: преобразование "int" в "float", возможна потеря данных
G:\Львовское Игра\Proj2\SFML - Server\SFML - Server\Server.cpp(513,44): warning C4244: аргумент: преобразование "int" в "float", возможна потеря данных
G:\Львовское Игра\Proj2\SFML - Server\SFML - Server\Server.cpp(522,26): warning C4244: инициализация: преобразование "int" в "float", возможна потеря данных
G:\Львовское Игра\Proj2\SFML - Server\SFML - Server\Server.cpp(527,29): warning C4244: инициализация: преобразование "double" в "float", возможна потеря данных
G:\Львовское Игра\Proj2\SFML - Server\SFML - Server\Server.cpp(536,59): warning C4244: аргумент: преобразование "int" в "float", возможна потеря данных
G:\Львовское Игра\Proj2\SFML - Server\SFML - Server\Server.cpp(536,45): warning C4244: аргумент: преобразование "int" в "float", возможна потеря данных
G:\Львовское Игра\Proj2\SFML - Server\SFML - Server\Server.cpp(542,77): warning C4244: аргумент: преобразование "int" в "T", возможна потеря данных
          with
          [
              T=float
          ]
G:\Львовское Игра\Proj2\SFML - Server\SFML - Server\Server.cpp(542,63): warning C4244: аргумент: преобразование "int" в "T", возможна потеря данных
          with
          [
              T=float
          ]
G:\Львовское Игра\Proj2\SFML - Server\SFML - Server\Server.cpp(543,57): warning C4244: аргумент: преобразование "int" в "float", возможна потеря данных
G:\Львовское Игра\Proj2\SFML - Server\SFML - Server\Server.cpp(543,43): warning C4244: аргумент: преобразование "int" в "float", возможна потеря данных
G:\Львовское Игра\Proj2\SFML - Server\SFML - Server\Server.cpp(551,78): warning C4244: аргумент: преобразование "int" в "T", возможна потеря данных
          with
          [
              T=float
          ]
G:\Львовское Игра\Proj2\SFML - Server\SFML - Server\Server.cpp(551,64): warning C4244: аргумент: преобразование "int" в "T", возможна потеря данных
          with
          [
              T=float
          ]
G:\Львовское Игра\Proj2\SFML - Server\SFML - Server\Server.cpp(552,58): warning C4244: аргумент: преобразование "int" в "float", возможна потеря данных
G:\Львовское Игра\Proj2\SFML - Server\SFML - Server\Server.cpp(552,44): warning C4244: аргумент: преобразование "int" в "float", возможна потеря данных
G:\Львовское Игра\Proj2\SFML - Server\SFML - Server\Server.cpp(559,26): warning C4244: инициализация: преобразование "int" в "float", возможна потеря данных
G:\Львовское Игра\Proj2\SFML - Server\SFML - Server\Server.cpp(562,57): warning C4244: аргумент: преобразование "int" в "float", возможна потеря данных
G:\Львовское Игра\Proj2\SFML - Server\SFML - Server\Server.cpp(562,43): warning C4244: аргумент: преобразование "int" в "float", возможна потеря данных
G:\Львовское Игра\Proj2\SFML - Server\SFML - Server\Server.cpp(572,26): warning C4244: инициализация: преобразование "int" в "float", возможна потеря данных
G:\Львовское Игра\Proj2\SFML - Server\SFML - Server\Server.cpp(575,58): warning C4244: аргумент: преобразование "int" в "float", возможна потеря данных
G:\Львовское Игра\Proj2\SFML - Server\SFML - Server\Server.cpp(575,44): warning C4244: аргумент: преобразование "int" в "float", возможна потеря данных
G:\Львовское Игра\Proj2\SFML - Server\SFML - Server\Server.cpp(583,66): warning C4244: аргумент: преобразование "int" в "T", возможна потеря данных
          with
          [
              T=float
          ]
G:\Львовское Игра\Proj2\SFML - Server\SFML - Server\Server.cpp(583,52): warning C4244: аргумент: преобразование "int" в "T", возможна потеря данных
          with
          [
              T=float
          ]
G:\Львовское Игра\Proj2\SFML - Server\SFML - Server\Server.cpp(584,66): warning C4244: аргумент: преобразование "int" в "T", возможна потеря данных
          with
          [
              T=float
          ]
G:\Львовское Игра\Proj2\SFML - Server\SFML - Server\Server.cpp(584,52): warning C4244: аргумент: преобразование "int" в "T", возможна потеря данных
          with
          [
              T=float
          ]
G:\Львовское Игра\Proj2\SFML - Server\SFML - Server\Server.cpp(591,56): warning C4244: аргумент: преобразование "int" в "float", возможна потеря данных
G:\Львовское Игра\Proj2\SFML - Server\SFML - Server\Server.cpp(591,42): warning C4244: аргумент: преобразование "int" в "float", возможна потеря данных
G:\Львовское Игра\Proj2\SFML - Server\SFML - Server\Server.cpp(608,58): warning C4244: аргумент: преобразование "int" в "float", возможна потеря данных
G:\Львовское Игра\Proj2\SFML - Server\SFML - Server\Server.cpp(608,44): warning C4244: аргумент: преобразование "int" в "float", возможна потеря данных
G:\Львовское Игра\Proj2\SFML - Server\SFML - Server\Server.cpp(622,29): warning C4244: аргумент: преобразование "int" в "float", возможна потеря данных
G:\Львовское Игра\Proj2\SFML - Server\SFML - Server\Server.cpp(633,30): warning C4244: аргумент: преобразование "int" в "float", возможна потеря данных
G:\Львовское Игра\Proj2\SFML - Server\SFML - Server\Server.cpp(651,56): warning C4244: аргумент: преобразование "int" в "float", возможна потеря данных
G:\Львовское Игра\Proj2\SFML - Server\SFML - Server\Server.cpp(651,42): warning C4244: аргумент: преобразование "int" в "float", возможна потеря данных
  SFML - Server.vcxproj -> G:\Львовское Игра\Proj2\SFML - Server\x64\Debug\SFML - Server.exe
